Performing C SOURCE FILE Test CMAKE_HAVE_LIBC_PTHREAD failed with the following output:
Change Dir: /home/yingchao/robot/ur5_pick_place/build/CMakeFiles/CMakeTmp

Run Build Command(s):/usr/bin/make -f Makefile cmTC_5634d/fast && /usr/bin/make  -f CMakeFiles/cmTC_5634d.dir/build.make CMakeFiles/cmTC_5634d.dir/build
make[1]: Entering directory '/home/yingchao/robot/ur5_pick_place/build/CMakeFiles/CMakeTmp'
Building C object CMakeFiles/cmTC_5634d.dir/src.c.o
/usr/bin/cc -DCMAKE_HAVE_LIBC_PTHREAD   -o CMakeFiles/cmTC_5634d.dir/src.c.o -c /home/yingchao/robot/ur5_pick_place/build/CMakeFiles/CMakeTmp/src.c
Linking C executable cmTC_5634d
/usr/local/bin/cmake -E cmake_link_script CMakeFiles/cmTC_5634d.dir/link.txt --verbose=1
/usr/bin/cc -rdynamic CMakeFiles/cmTC_5634d.dir/src.c.o -o cmTC_5634d 
CMakeFiles/cmTC_5634d.dir/src.c.o: In function `main':
src.c:(.text+0x3e): undefined reference to `pthread_create'
src.c:(.text+0x4a): undefined reference to `pthread_detach'
src.c:(.text+0x56): undefined reference to `pthread_cancel'
src.c:(.text+0x67): undefined reference to `pthread_join'
src.c:(.text+0x7b): undefined reference to `pthread_atfork'
collect2: error: ld returned 1 exit status
CMakeFiles/cmTC_5634d.dir/build.make:98: recipe for target 'cmTC_5634d' failed
make[1]: *** [cmTC_5634d] Error 1
make[1]: Leaving directory '/home/yingchao/robot/ur5_pick_place/build/CMakeFiles/CMakeTmp'
Makefile:127: recipe for target 'cmTC_5634d/fast' failed
make: *** [cmTC_5634d/fast] Error 2


Source file was:
#include <pthread.h>

static void* test_func(void* data)
{
  return data;
}

int main(void)
{
  pthread_t thread;
  pthread_create(&thread, NULL, test_func, NULL);
  pthread_detach(thread);
  pthread_cancel(thread);
  pthread_join(thread, NULL);
  pthread_atfork(NULL, NULL, NULL);
  pthread_exit(NULL);

  return 0;
}

Determining if the function pthread_create exists in the pthreads failed with the following output:
Change Dir: /home/yingchao/robot/ur5_pick_place/build/CMakeFiles/CMakeTmp

Run Build Command(s):/usr/bin/make -f Makefile cmTC_b53af/fast && /usr/bin/make  -f CMakeFiles/cmTC_b53af.dir/build.make CMakeFiles/cmTC_b53af.dir/build
make[1]: Entering directory '/home/yingchao/robot/ur5_pick_place/build/CMakeFiles/CMakeTmp'
Building C object CMakeFiles/cmTC_b53af.dir/CheckFunctionExists.c.o
/usr/bin/cc   -DCHECK_FUNCTION_EXISTS=pthread_create -o CMakeFiles/cmTC_b53af.dir/CheckFunctionExists.c.o -c /usr/local/share/cmake-3.20/Modules/CheckFunctionExists.c
Linking C executable cmTC_b53af
/usr/local/bin/cmake -E cmake_link_script CMakeFiles/cmTC_b53af.dir/link.txt --verbose=1
/usr/bin/cc  -DCHECK_FUNCTION_EXISTS=pthread_create -rdynamic CMakeFiles/cmTC_b53af.dir/CheckFunctionExists.c.o -o cmTC_b53af  -lpthreads 
/usr/bin/ld: cannot find -lpthreads
collect2: error: ld returned 1 exit status
CMakeFiles/cmTC_b53af.dir/build.make:98: recipe for target 'cmTC_b53af' failed
make[1]: *** [cmTC_b53af] Error 1
make[1]: Leaving directory '/home/yingchao/robot/ur5_pick_place/build/CMakeFiles/CMakeTmp'
Makefile:127: recipe for target 'cmTC_b53af/fast' failed
make: *** [cmTC_b53af/fast] Error 2



